<?xml version="1.0" encoding="UTF-8"?>
<testsuite name="LocationTest" tests="1" skipped="0" failures="0" errors="0" timestamp="2019-11-28T18:47:28" hostname="ColaKenH-MBP.local" time="0.042">
  <properties/>
  <testcase name="testIsInRange" classname="LocationTest" time="0.042"/>
  <system-out><![CDATA[inRange: true	inSameDirection: true	inRange: true	inSameDirection: true	inRange: false	inSameDirection: true	inRange: true	inSameDirection: false	inRange: true	inSameDirection: false	inRange: false	inSameDirection: false	degree: 45	slope: -1.0	side: 4  	inRange: true	inSameDirection: true	degree: 45	slope: -1.0	side: 3  	inRange: true	inSameDirection: true	degree: 45	slope: -1.0	side: 102  	inRange: false	inSameDirection: true	degree: 45	slope: -1.0	side: -4  	inRange: true	inSameDirection: false	degree: 45	slope: -1.0	side: -3  	inRange: true	inSameDirection: false	degree: 45	slope: -1.0	side: -102  	inRange: false	inSameDirection: false	inRange: true	inSameDirection: true	inRange: true	inSameDirection: true	inRange: false	inSameDirection: true	inRange: true	inSameDirection: false	inRange: true	inSameDirection: false	inRange: false	inSameDirection: false	degree: 315	slope: 1.0	side: 4  	inRange: true	inSameDirection: true	degree: 315	slope: 1.0	side: 3  	inRange: true	inSameDirection: true	degree: 315	slope: 1.0	side: 102  	inRange: false	inSameDirection: true	degree: 315	slope: 1.0	side: -4  	inRange: true	inSameDirection: false	degree: 315	slope: 1.0	side: -3  	inRange: true	inSameDirection: false	degree: 315	slope: 1.0	side: -102  	inRange: false	inSameDirection: false	inRange: true	inSameDirection: true	inRange: true	inSameDirection: true	inRange: false	inSameDirection: true	inRange: true	inSameDirection: false	inRange: true	inSameDirection: false	inRange: false	inSameDirection: false	degree: 225	slope: -1.0	side: -4  	inRange: true	inSameDirection: true	degree: 225	slope: -1.0	side: -3  	inRange: true	inSameDirection: true	degree: 225	slope: -1.0	side: -102  	inRange: false	inSameDirection: true	degree: 225	slope: -1.0	side: 4  	inRange: true	inSameDirection: false	degree: 225	slope: -1.0	side: 3  	inRange: true	inSameDirection: false	degree: 225	slope: -1.0	side: 102  	inRange: false	inSameDirection: false	inRange: true	inSameDirection: true	inRange: true	inSameDirection: true	inRange: false	inSameDirection: true	inRange: true	inSameDirection: false	inRange: true	inSameDirection: false	inRange: false	inSameDirection: false	degree: 135	slope: 1.0	side: -4  	inRange: true	inSameDirection: true	degree: 135	slope: 1.0	side: -3  	inRange: true	inSameDirection: true	degree: 135	slope: 1.0	side: -102  	inRange: false	inSameDirection: true	degree: 135	slope: 1.0	side: 4  	inRange: true	inSameDirection: false	degree: 135	slope: 1.0	side: 3  	inRange: true	inSameDirection: false	degree: 135	slope: 1.0	side: 102  	inRange: false	inSameDirection: false	]]></system-out>
  <system-err><![CDATA[]]></system-err>
</testsuite>
